<?xml version="1.0" encoding="UTF-8"?>
<!-- Generated by org.testng.reporters.JUnitXMLReporter -->
<testsuite hostname="Davids-MacBook-Pro-2.local" name="Default test" tests="4" failures="0" timestamp="24 Mar 2015 04:42:44 GMT" time="28.1" errors="0">
  <testcase name="logIn" time="10.349" classname="Tests.signInTest"/>
  <testcase name="gotoApp" time="4.525" classname="Tests.signInTest"/>
  <testcase name="launchApp" time="7.098" classname="Tests.signInTest"/>
  <testcase name="logOut" time="1.364" classname="Tests.signInTest"/>
</testsuite> <!-- Default test -->
